Der Buildvorgang wurde am 17.03.2022 19:09:08 gestartet.
     1>Projekt "D:\Dokumente\Programme\C++\Windows-timed-shutdown\Windows-timed-shutdown\Windows-timed-shutdown.vcxproj" auf Knoten "2", build Ziel(e).
     1>InitializeBuildStatus:
         "Debug\Windows-timed-shutdown.unsuccessfulbuild" wird erstellt, da "AlwaysCreate" angegeben wurde.
       GenerateTargetFrameworkMonikerAttribute:
       Das Ziel "GenerateTargetFrameworkMonikerAttribute" wird übersprungen, da alle Ausgabedateien hinsichtlich der Eingabedateien aktuell sind.
       ClCompile:
         Alle Ausgaben sind aktuell.
         E:\Programme\VisualStudio++\VC\bin\CL.exe /c /AI"C:\Program Files (x86)\Reference Assemblies\Microsoft\Framework\.NETFramework\v4.0" /Zi /clr:pure /nologo /W3 /WX- /Od /Oy- /D WIN32 /D _DEBUG /D _UNICODE /D UNICODE /EHa /MDd /GS /fp:precise /Zc:wchar_t /Zc:forScope /Yu"StdAfx.h" /Fp"Debug\Windows-timed-shutdown.pch" /Fo"Debug\\" /Fd"Debug\vc100.pdb" /TP /FU"C:\Program Files (x86)\Reference Assemblies\Microsoft\Framework\.NETFramework\v4.0\System.Core.dll" /FU"C:\Program Files (x86)\Reference Assemblies\Microsoft\Framework\.NETFramework\v4.0\System.Data.dll" /FU"C:\Program Files (x86)\Reference Assemblies\Microsoft\Framework\.NETFramework\v4.0\System.dll" /FU"C:\Program Files (x86)\Reference Assemblies\Microsoft\Framework\.NETFramework\v4.0\System.Drawing.dll" /FU"C:\Program Files (x86)\Reference Assemblies\Microsoft\Framework\.NETFramework\v4.0\System.Windows.Forms.dll" /FU"C:\Program Files (x86)\Reference Assemblies\Microsoft\Framework\.NETFramework\v4.0\System.Xml.dll" /analyze- /errorReport:prompt "Windows-timed-shutdown.cpp" /clr:nostdlib 
         Windows-timed-shutdown.cpp
     1>d:\dokumente\programme\c++\windows-timed-shutdown\windows-timed-shutdown\Form1.h(206): warning C4101: 'e': Unreferenzierte lokale Variable
         Alle Ausgaben sind aktuell.
       CoreResGen:
         "C:\Program Files (x86)\Microsoft SDKs\Windows\v7.0A\bin\NETFX 4.0 Tools\resgen.exe" /useSourcePath /r:"C:\Program Files (x86)\Reference Assemblies\Microsoft\Framework\.NETFramework\v4.0\System.Core.dll" /r:"C:\Program Files (x86)\Reference Assemblies\Microsoft\Framework\.NETFramework\v4.0\System.Data.dll" /r:"C:\Program Files (x86)\Reference Assemblies\Microsoft\Framework\.NETFramework\v4.0\System.dll" /r:"C:\Program Files (x86)\Reference Assemblies\Microsoft\Framework\.NETFramework\v4.0\System.Drawing.dll" /r:"C:\Program Files (x86)\Reference Assemblies\Microsoft\Framework\.NETFramework\v4.0\System.Windows.Forms.dll" /r:"C:\Program Files (x86)\Reference Assemblies\Microsoft\Framework\.NETFramework\v4.0\System.Xml.dll" /compile Form1.resX,Debug\Windowstimedshutdown.Form1.resources
         Die Ressourcendatei "Form1.resX" wird zu "Debug\Windowstimedshutdown.Form1.resources" verarbeitet.
       ResourceCompile:
         Alle Ausgaben sind aktuell.
       Link:
         E:\Programme\VisualStudio++\VC\bin\link.exe /ERRORREPORT:PROMPT /OUT:"D:\Dokumente\Programme\C++\Windows-timed-shutdown\Debug\Windows-timed-shutdown.exe" /INCREMENTAL /NOLOGO /ASSEMBLYRESOURCE:Debug\Windowstimedshutdown.Form1.resources /MANIFEST /ManifestFile:"Debug\Windows-timed-shutdown.exe.intermediate.manifest" /MANIFESTUAC:"level='asInvoker' uiAccess='false'" /DEBUG /PDB:"D:\Dokumente\Programme\C++\Windows-timed-shutdown\Debug\Windows-timed-shutdown.pdb" /ASSEMBLYDEBUG /SUBSYSTEM:WINDOWS /TLBID:1 /ENTRY:"main" /DYNAMICBASE /FIXED:NO /NXCOMPAT /MACHINE:X86 Debug\app.res
         Debug\AssemblyInfo.obj
         Debug\stdafx.obj
         "Debug\Windows-timed-shutdown.obj"
         "Debug\.NETFramework,Version=v4.0.AssemblyAttributes.obj"
         Windows-timed-shutdown.vcxproj -> D:\Dokumente\Programme\C++\Windows-timed-shutdown\Debug\Windows-timed-shutdown.exe
       Manifest:
         C:\Program Files (x86)\Microsoft SDKs\Windows\v7.0A\bin\mt.exe /nologo /verbose /outputresource:"D:\Dokumente\Programme\C++\Windows-timed-shutdown\Debug\Windows-timed-shutdown.exe;#1" /manifest "Debug\Windows-timed-shutdown.exe.intermediate.manifest"
       FinalizeBuildStatus:
         Die Datei "Debug\Windows-timed-shutdown.unsuccessfulbuild" wird gelöscht.
         Aktualisieren des Timestamps von "Debug\Windows-timed-shutdown.lastbuildstate".
     1>Die Erstellung des Projekts "D:\Dokumente\Programme\C++\Windows-timed-shutdown\Windows-timed-shutdown\Windows-timed-shutdown.vcxproj" ist abgeschlossen, build Ziel(e).

Das Erstellen war erfolgreich.

Verstrichene Zeit 00:00:00.85
